<?xml version="1.0" encoding="UTF-8"?>
<!-- Generated by org.testng.reporters.JUnitXMLReporter -->
<testsuite hostname="DESKTOP-R0QK2O8" ignored="1" name="Sanity" tests="6" failures="1" timestamp="26 Feb 2019 01:53:13 GMT" time="44.736" errors="0">
  <testcase name="testcase3" time="0.014" classname="day11.TestNgTesting"/>
  <testcase name="verifyTitleOfThePage" time="0.933" classname="day11.Guru99Project">
    <failure type="java.lang.AssertionError" message="expected [Guru99 Bank HomePage] but found [Guru99 Bank Home Page]">
      <![CDATA[java.lang.AssertionError: expected [Guru99 Bank HomePage] but found [Guru99 Bank Home Page]
	at day11.Guru99Project.verifyTitleOfThePage(Guru99Project.java:33)
... Removed 31 stack frames]]>
    </failure>
  </testcase> <!-- verifyTitleOfThePage -->
  <testcase name="testcase1" time="0.003" classname="day11.TestNgTesting"/>
  <testcase name="verifyExpectedException" time="0.01" classname="day11.TestNgTesting2"/>
  <testcase name="testcase4" time="0.006" classname="day11.TestNgTesting"/>
  <testcase name="testcase6" time="0.004" classname="day11.TestNgTesting"/>
  <testcase name="verifyLoginWithCorrectCredentials" time="0.0" classname="day11.Guru99Project">
    <ignored/>
  </testcase> <!-- verifyLoginWithCorrectCredentials -->
</testsuite> <!-- Sanity -->
