<?xml version="1.0" encoding="UTF-8"?>
<!-- Generated by org.testng.reporters.JUnitXMLReporter -->
<testsuite hostname="DESKTOP-R0QK2O8" ignored="0" name="Firefox Test" tests="2" failures="1" timestamp="26 Feb 2019 02:55:18 GMT" time="41.927" errors="0">
  <testcase name="verifyTitleOfThePage" time="0.076" classname="day12.Guru99Project">
    <failure type="java.lang.AssertionError" message="expected [Guru99 Bank HomePage] but found [Guru99 Bank Home Page]">
      <![CDATA[java.lang.AssertionError: expected [Guru99 Bank HomePage] but found [Guru99 Bank Home Page]
	at day12.Guru99Project.verifyTitleOfThePage(Guru99Project.java:58)
	at java.util.concurrent.FutureTask.run(Unknown Source)
	at java.util.concurrent.ThreadPoolExecutor.runWorker(Unknown Source)
	at java.util.concurrent.ThreadPoolExecutor$Worker.run(Unknown Source)
	at java.lang.Thread.run(Unknown Source)
... Removed 22 stack frames]]>
    </failure>
  </testcase> <!-- verifyTitleOfThePage -->
  <testcase name="verifyLoginWithCorrectCredentials" time="2.011" classname="day12.Guru99Project"/>
</testsuite> <!-- Firefox Test -->
