<?xml version="1.0" encoding="UTF-8"?>
<!-- Generated by org.testng.reporters.JUnitXMLReporter -->
<testsuite hostname="DESKTOP-R0QK2O8" ignored="0" name="Regression Test" tests="2" failures="1" timestamp="26 Feb 2019 02:50:35 GMT" time="26.498" errors="0">
  <testcase name="verifyTitleOfThePage" time="0.345" classname="day12.Guru99Project">
    <failure type="java.lang.AssertionError" message="expected [Guru99 Bank HomePage] but found [Guru99 Bank Home Page]">
      <![CDATA[java.lang.AssertionError: expected [Guru99 Bank HomePage] but found [Guru99 Bank Home Page]
	at day12.Guru99Project.verifyTitleOfThePage(Guru99Project.java:58)
... Removed 31 stack frames]]>
    </failure>
  </testcase> <!-- verifyTitleOfThePage -->
  <testcase name="verifyLoginWithCorrectCredentials" time="2.563" classname="day12.Guru99Project"/>
</testsuite> <!-- Regression Test -->
